# JRE version: OpenJDK Runtime Environment (8.0_242-b01) (build 1.8.0_242-release-1644-b01)
# Java VM: OpenJDK 64-Bit Server VM (25.242-b01 mixed mode windows-amd64 compressed oops)
Heap:
 PSYoungGen      total 512000K, used 152780K [0x00000000d5580000, 0x00000000fb600000, 0x0000000100000000)
  eden space 487424K, 26% used [0x00000000d5580000,0x00000000dd2d2c08,0x00000000f3180000)
  from space 24576K, 99% used [0x00000000f7e80000,0x00000000f9660770,0x00000000f9680000)
  to   space 32256K, 0% used [0x00000000f9680000,0x00000000f9680000,0x00000000fb600000)
 ParOldGen       total 146432K, used 106440K [0x0000000080000000, 0x0000000088f00000, 0x00000000d5580000)
  object space 146432K, 72% used [0x0000000080000000,0x00000000867f2198,0x0000000088f00000)
 Metaspace       used 104279K, capacity 111266K, committed 111384K, reserved 1146880K
  class space    used 13625K, capacity 14817K, committed 14880K, reserved 1048576K
GC Heap History (10 events):
Event: 453.075 GC heap before
{Heap before GC invocations=23 (full 4):
 PSYoungGen      total 509952K, used 492992K [0x00000000d5580000, 0x00000000f7a80000, 0x0000000100000000)
  eden space 484352K, 100% used [0x00000000d5580000,0x00000000f2e80000,0x00000000f2e80000)
  from space 25600K, 33% used [0x00000000f6180000,0x00000000f69f0030,0x00000000f7a80000)
  to   space 38912K, 0% used [0x00000000f2e80000,0x00000000f2e80000,0x00000000f5480000)
 ParOldGen       total 146432K, used 99911K [0x0000000080000000, 0x0000000088f00000, 0x00000000d5580000)
  object space 146432K, 68% used [0x0000000080000000,0x0000000086191f88,0x0000000088f00000)
 Metaspace       used 98932K, capacity 103978K, committed 104088K, reserved 1138688K
  class space    used 12968K, capacity 13933K, committed 13984K, reserved 1048576K
Event: 453.114 GC heap after
Heap after GC invocations=23 (full 4):
 PSYoungGen      total 523264K, used 16780K [0x00000000d5580000, 0x00000000fb400000, 0x0000000100000000)
  eden space 484352K, 0% used [0x00000000d5580000,0x00000000d5580000,0x00000000f2e80000)
  from space 38912K, 43% used [0x00000000f2e80000,0x00000000f3ee3150,0x00000000f5480000)
  to   space 37376K, 0% used [0x00000000f8f80000,0x00000000f8f80000,0x00000000fb400000)
 ParOldGen       total 146432K, used 99919K [0x0000000080000000, 0x0000000088f00000, 0x00000000d5580000)
  object space 146432K, 68% used [0x0000000080000000,0x0000000086193f88,0x0000000088f00000)
 Metaspace       used 98932K, capacity 103978K, committed 104088K, reserved 1138688K
  class space    used 12968K, capacity 13933K, committed 13984K, reserved 1048576K
}
Event: 946.096 GC heap before
{Heap before GC invocations=24 (full 4):
 PSYoungGen      total 523264K, used 501132K [0x00000000d5580000, 0x00000000fb400000, 0x0000000100000000)
  eden space 484352K, 100% used [0x00000000d5580000,0x00000000f2e80000,0x00000000f2e80000)
  from space 38912K, 43% used [0x00000000f2e80000,0x00000000f3ee3150,0x00000000f5480000)
  to   space 37376K, 0% used [0x00000000f8f80000,0x00000000f8f80000,0x00000000fb400000)
 ParOldGen       total 146432K, used 99919K [0x0000000080000000, 0x0000000088f00000, 0x00000000d5580000)
  object space 146432K, 68% used [0x0000000080000000,0x0000000086193f88,0x0000000088f00000)
 Metaspace       used 99590K, capacity 104992K, committed 105240K, reserved 1140736K
  class space    used 13018K, capacity 14024K, committed 14112K, reserved 1048576K
Event: 946.287 GC heap after
Heap after GC invocations=24 (full 4):
 PSYoungGen      total 558080K, used 11376K [0x00000000d5580000, 0x00000000fa580000, 0x0000000100000000)
  eden space 535552K, 0% used [0x00000000d5580000,0x00000000d5580000,0x00000000f6080000)
  from space 22528K, 50% used [0x00000000f8f80000,0x00000000f9a9c070,0x00000000fa580000)
  to   space 35328K, 0% used [0x00000000f6080000,0x00000000f6080000,0x00000000f8300000)
 ParOldGen       total 146432K, used 99927K [0x0000000080000000, 0x0000000088f00000, 0x00000000d5580000)
  object space 146432K, 68% used [0x0000000080000000,0x0000000086195f88,0x0000000088f00000)
 Metaspace       used 99590K, capacity 104992K, committed 105240K, reserved 1140736K
  class space    used 13018K, capacity 14024K, committed 14112K, reserved 1048576K
}
Event: 1117.169 GC heap before
{Heap before GC invocations=25 (full 4):
 PSYoungGen      total 558080K, used 546240K [0x00000000d5580000, 0x00000000fa580000, 0x0000000100000000)
  eden space 535552K, 99% used [0x00000000d5580000,0x00000000f5fd4000,0x00000000f6080000)
  from space 22528K, 50% used [0x00000000f8f80000,0x00000000f9a9c070,0x00000000fa580000)
  to   space 35328K, 0% used [0x00000000f6080000,0x00000000f6080000,0x00000000f8300000)
 ParOldGen       total 146432K, used 99927K [0x0000000080000000, 0x0000000088f00000, 0x00000000d5580000)
  object space 146432K, 68% used [0x0000000080000000,0x0000000086195f88,0x0000000088f00000)
 Metaspace       used 99984K, capacity 105478K, committed 105752K, reserved 1140736K
  class space    used 13019K, capacity 14027K, committed 14112K, reserved 1048576K
Event: 1117.337 GC heap after
Heap after GC invocations=25 (full 4):
 PSYoungGen      total 570880K, used 32818K [0x00000000d5580000, 0x00000000fdd00000, 0x0000000100000000)
  eden space 535552K, 0% used [0x00000000d5580000,0x00000000d5580000,0x00000000f6080000)
  from space 35328K, 92% used [0x00000000f6080000,0x00000000f808cb70,0x00000000f8300000)
  to   space 40448K, 0% used [0x00000000fb580000,0x00000000fb580000,0x00000000fdd00000)
 ParOldGen       total 146432K, used 106424K [0x0000000080000000, 0x0000000088f00000, 0x00000000d5580000)
  object space 146432K, 72% used [0x0000000080000000,0x00000000867ee198,0x0000000088f00000)
 Metaspace       used 99984K, capacity 105478K, committed 105752K, reserved 1140736K
  class space    used 13019K, capacity 14027K, committed 14112K, reserved 1048576K
}
Event: 2754.684 GC heap before
{Heap before GC invocations=26 (full 4):
 PSYoungGen      total 570880K, used 568370K [0x00000000d5580000, 0x00000000fdd00000, 0x0000000100000000)
  eden space 535552K, 100% used [0x00000000d5580000,0x00000000f6080000,0x00000000f6080000)
  from space 35328K, 92% used [0x00000000f6080000,0x00000000f808cb70,0x00000000f8300000)
  to   space 40448K, 0% used [0x00000000fb580000,0x00000000fb580000,0x00000000fdd00000)
 ParOldGen       total 146432K, used 106424K [0x0000000080000000, 0x0000000088f00000, 0x00000000d5580000)
  object space 146432K, 72% used [0x0000000080000000,0x00000000867ee198,0x0000000088f00000)
 Metaspace       used 101595K, capacity 107700K, committed 107800K, reserved 1142784K
  class space    used 13223K, capacity 14330K, committed 14368K, reserved 1048576K
Event: 2760.475 GC heap after
Heap after GC invocations=26 (full 4):
 PSYoungGen      total 538624K, used 27365K [0x00000000d5580000, 0x00000000fd080000, 0x0000000100000000)
  eden space 510976K, 0% used [0x00000000d5580000,0x00000000d5580000,0x00000000f4880000)
  from space 27648K, 98% used [0x00000000fb580000,0x00000000fd039568,0x00000000fd080000)
  to   space 41984K, 0% used [0x00000000f7e80000,0x00000000f7e80000,0x00000000fa780000)
 ParOldGen       total 146432K, used 106432K [0x0000000080000000, 0x0000000088f00000, 0x00000000d5580000)
  object space 146432K, 72% used [0x0000000080000000,0x00000000867f0198,0x0000000088f00000)
 Metaspace       used 101595K, capacity 107700K, committed 107800K, reserved 1142784K
  class space    used 13223K, capacity 14330K, committed 14368K, reserved 1048576K
}
Event: 3146.389 GC heap before
{Heap before GC invocations=27 (full 4):
 PSYoungGen      total 538624K, used 538341K [0x00000000d5580000, 0x00000000fd080000, 0x0000000100000000)
  eden space 510976K, 100% used [0x00000000d5580000,0x00000000f4880000,0x00000000f4880000)
  from space 27648K, 98% used [0x00000000fb580000,0x00000000fd039568,0x00000000fd080000)
  to   space 41984K, 0% used [0x00000000f7e80000,0x00000000f7e80000,0x00000000fa780000)
 ParOldGen       total 146432K, used 106432K [0x0000000080000000, 0x0000000088f00000, 0x00000000d5580000)
  object space 146432K, 72% used [0x0000000080000000,0x00000000867f0198,0x0000000088f00000)
 Metaspace       used 102144K, capacity 108692K, committed 108952K, reserved 1144832K
  class space    used 13292K, capacity 14420K, committed 14496K, reserved 1048576K
Event: 3146.949 GC heap after
Heap after GC invocations=27 (full 4):
 PSYoungGen      total 512000K, used 24449K [0x00000000d5580000, 0x00000000fb600000, 0x0000000100000000)
  eden space 487424K, 0% used [0x00000000d5580000,0x00000000d5580000,0x00000000f3180000)
  from space 24576K, 99% used [0x00000000f7e80000,0x00000000f9660770,0x00000000f9680000)
  to   space 32256K, 0% used [0x00000000f9680000,0x00000000f9680000,0x00000000fb600000)
 ParOldGen       total 146432K, used 106440K [0x0000000080000000, 0x0000000088f00000, 0x00000000d5580000)
  object space 146432K, 72% used [0x0000000080000000,0x00000000867f2198,0x0000000088f00000)
 Metaspace       used 102144K, capacity 108692K, committed 108952K, reserved 1144832K
  class space    used 13292K, capacity 14420K, committed 14496K, reserved 1048576K
}

